Using pre-set license
Built from '2021.2/staging' branch; Version is '2021.2.18f1 (0c6e675195cf) revision 814695'; Using compiler version '192829333'; Build Type 'Release'
OS: 'Windows 10  (10.0.19044) 64bit Core' Language: 'en' Physical Memory: 16090 MB
BatchMode: 1, IsHumanControllingUs: 0, StartBugReporterOnCrash: 0, Is64bit: 1, IsPro: 1

COMMAND LINE ARGUMENTS:
C:\Program Files\Unity\Hub\Editor\2021.2.18f1\Editor\Unity.exe
-adb2
-batchMode
-noUpm
-name
AssetImportWorker2
-projectPath
D:/2nd year/Semester 2/Design Practise 2/Team1_NewProject/DetectiveGravetrotter/TeamOne_SpookyGame
-logFile
Logs/AssetImportWorker2.log
-srvPort
58906
Successfully changed project path to: D:/2nd year/Semester 2/Design Practise 2/Team1_NewProject/DetectiveGravetrotter/TeamOne_SpookyGame
D:/2nd year/Semester 2/Design Practise 2/Team1_NewProject/DetectiveGravetrotter/TeamOne_SpookyGame
[UnityMemory] Configuration Parameters - Can be set up in boot.config
    "memorysetup-bucket-allocator-granularity=16"
    "memorysetup-bucket-allocator-bucket-count=8"
    "memorysetup-bucket-allocator-block-size=33554432"
    "memorysetup-bucket-allocator-block-count=8"
    "memorysetup-main-allocator-block-size=16777216"
    "memorysetup-thread-allocator-block-size=16777216"
    "memorysetup-gfx-main-allocator-block-size=16777216"
    "memorysetup-gfx-thread-allocator-block-size=16777216"
    "memorysetup-cache-allocator-block-size=4194304"
    "memorysetup-typetree-allocator-block-size=2097152"
    "memorysetup-profiler-bucket-allocator-granularity=16"
    "memorysetup-profiler-bucket-allocator-bucket-count=8"
    "memorysetup-profiler-bucket-allocator-block-size=33554432"
    "memorysetup-profiler-bucket-allocator-block-count=8"
    "memorysetup-profiler-allocator-block-size=16777216"
    "memorysetup-profiler-editor-allocator-block-size=1048576"
    "memorysetup-temp-allocator-size-main=16777216"
    "memorysetup-job-temp-allocator-block-size=2097152"
    "memorysetup-job-temp-allocator-block-size-background=1048576"
    "memorysetup-job-temp-allocator-reduction-small-platforms=262144"
    "memorysetup-temp-allocator-size-background-worker=32768"
    "memorysetup-temp-allocator-size-job-worker=262144"
    "memorysetup-temp-allocator-size-preload-manager=33554432"
    "memorysetup-temp-allocator-size-nav-mesh-worker=65536"
    "memorysetup-temp-allocator-size-audio-worker=65536"
    "memorysetup-temp-allocator-size-cloud-worker=32768"
    "memorysetup-temp-allocator-size-gi-baking-worker=262144"
    "memorysetup-temp-allocator-size-gfx=262144"
Refreshing native plugins compatible for Editor in 165.47 ms, found 3 plugins.
Preloading 0 native plugins for Editor in 0.00 ms.
Initialize engine version: 2021.2.18f1 (0c6e675195cf)
[Subsystems] Discovering subsystems at path C:/Program Files/Unity/Hub/Editor/2021.2.18f1/Editor/Data/Resources/UnitySubsystems
[Subsystems] Discovering subsystems at path D:/2nd year/Semester 2/Design Practise 2/Team1_NewProject/DetectiveGravetrotter/TeamOne_SpookyGame/Assets
GfxDevice: creating device client; threaded=0; jobified=0
Direct3D:
    Version:  Direct3D 11.0 [level 11.1]
    Renderer: NVIDIA GeForce MX150 (ID=0x1d10)
    Vendor:   NVIDIA
    VRAM:     1983 MB
    Driver:   30.0.14.7247
Initialize mono
Mono path[0] = 'C:/Program Files/Unity/Hub/Editor/2021.2.18f1/Editor/Data/Managed'
Mono path[1] = 'C:/Program Files/Unity/Hub/Editor/2021.2.18f1/Editor/Data/MonoBleedingEdge/lib/mono/unityjit-win32'
Mono config path = 'C:/Program Files/Unity/Hub/Editor/2021.2.18f1/Editor/Data/MonoBleedingEdge/etc'
Using monoOptions --debugger-agent=transport=dt_socket,embedding=1,server=y,suspend=n,address=127.0.0.1:56576
Begin MonoManager ReloadAssembly
Registering precompiled unity dll's ...
Register platform support module: C:/Program Files/Unity/Hub/Editor/2021.2.18f1/Editor/Data/PlaybackEngines/WebGLSupport/UnityEditor.WebGL.Extensions.dll
Register platform support module: C:/Program Files/Unity/Hub/Editor/2021.2.18f1/Editor/Data/PlaybackEngines/MacStandaloneSupport/UnityEditor.OSXStandalone.Extensions.dll
Register platform support module: C:/Program Files/Unity/Hub/Editor/2021.2.18f1/Editor/Data/PlaybackEngines/WindowsStandaloneSupport/UnityEditor.WindowsStandalone.Extensions.dll
Register platform support module: C:/Program Files/Unity/Hub/Editor/2021.2.18f1/Editor/Data/PlaybackEngines/MetroSupport/UnityEditor.UWP.Extensions.dll
Registered in 0.048862 seconds.
Native extension for UWP target not found
Native extension for WindowsStandalone target not found
Native extension for OSXStandalone target not found
Native extension for WebGL target not found
Refreshing native plugins compatible for Editor in 224.29 ms, found 3 plugins.
Preloading 0 native plugins for Editor in 0.00 ms.
Mono: successfully reloaded assembly
- Completed reload, in  2.243 seconds
Domain Reload Profiling:
	ReloadAssembly (2245ms)
		BeginReloadAssembly (247ms)
			ExecutionOrderSort (0ms)
			DisableScriptedObjects (0ms)
			BackupInstance (0ms)
			ReleaseScriptingObjects (0ms)
			CreateAndSetChildDomain (1ms)
		EndReloadAssembly (1527ms)
			LoadAssemblies (247ms)
			RebuildTransferFunctionScriptingTraits (0ms)
			SetupTypeCache (348ms)
			ReleaseScriptCaches (0ms)
			RebuildScriptCaches (89ms)
			SetupLoadedEditorAssemblies (936ms)
				LogAssemblyErrors (0ms)
				InitializePlatformSupportModulesInManaged (54ms)
				SetLoadedEditorAssemblies (1ms)
				RefreshPlugins (225ms)
				BeforeProcessingInitializeOnLoad (4ms)
				ProcessInitializeOnLoadAttributes (477ms)
				ProcessInitializeOnLoadMethodAttributes (175ms)
				AfterProcessingInitializeOnLoad (0ms)
				EditorAssembliesLoaded (0ms)
			ExecutionOrderSort2 (0ms)
			AwakeInstancesAfterBackupRestoration (0ms)
Platform modules already initialized, skipping
Registering precompiled user dll's ...
Registered in 0.022163 seconds.
Begin MonoManager ReloadAssembly
Symbol file LoadedFromMemory doesn't match image D:\2nd year\Semester 2\Design Practise 2\Team1_NewProject\DetectiveGravetrotter\TeamOne_SpookyGame\Library\PackageCache\com.unity.visualscripting@1.7.6\Editor\VisualScripting.Core\Dependencies\YamlDotNet\Unity.VisualScripting.YamlDotNet.dll
Symbol file LoadedFromMemory doesn't match image D:\2nd year\Semester 2\Design Practise 2\Team1_NewProject\DetectiveGravetrotter\TeamOne_SpookyGame\Library\PackageCache\com.unity.visualscripting@1.7.6\Editor\VisualScripting.Core\Dependencies\DotNetZip\Unity.VisualScripting.IonicZip.dll
Native extension for UWP target not found
Native extension for WindowsStandalone target not found
Native extension for OSXStandalone target not found
Native extension for WebGL target not found
Refreshing native plugins compatible for Editor in 1.29 ms, found 3 plugins.
Preloading 0 native plugins for Editor in 0.00 ms.
Mono: successfully reloaded assembly
- Completed reload, in  2.968 seconds
Domain Reload Profiling:
	ReloadAssembly (2971ms)
		BeginReloadAssembly (316ms)
			ExecutionOrderSort (0ms)
			DisableScriptedObjects (17ms)
			BackupInstance (0ms)
			ReleaseScriptingObjects (0ms)
			CreateAndSetChildDomain (50ms)
		EndReloadAssembly (2249ms)
			LoadAssemblies (198ms)
			RebuildTransferFunctionScriptingTraits (0ms)
			SetupTypeCache (748ms)
			ReleaseScriptCaches (1ms)
			RebuildScriptCaches (154ms)
			SetupLoadedEditorAssemblies (1004ms)
				LogAssemblyErrors (0ms)
				InitializePlatformSupportModulesInManaged (48ms)
				SetLoadedEditorAssemblies (2ms)
				RefreshPlugins (1ms)
				BeforeProcessingInitializeOnLoad (190ms)
				ProcessInitializeOnLoadAttributes (687ms)
				ProcessInitializeOnLoadMethodAttributes (58ms)
				AfterProcessingInitializeOnLoad (18ms)
				EditorAssembliesLoaded (0ms)
			ExecutionOrderSort2 (0ms)
			AwakeInstancesAfterBackupRestoration (19ms)
Platform modules already initialized, skipping
========================================================================
Worker process is ready to serve import requests
Launched and connected shader compiler UnityShaderCompiler.exe after 0.13 seconds
Refreshing native plugins compatible for Editor in 1.17 ms, found 3 plugins.
Preloading 0 native plugins for Editor in 0.00 ms.
Unloading 3244 Unused Serialized files (Serialized files now loaded: 0)
Unloading 32 unused Assets / (1.3 MB). Loaded Objects now: 3697.
Memory consumption went from 120.5 MB to 119.2 MB.
Total: 9.561300 ms (FindLiveObjects: 0.808100 ms CreateObjectMapping: 0.968200 ms MarkObjects: 7.137500 ms  DeleteObjects: 0.645100 ms)

AssetImportParameters requested are different than current active one (requested -> active):
  custom:video-decoder-ogg-theora: a1e56fd34408186e4bbccfd4996cb3dc -> 
  custom:container-muxer-webm: aa71ff27fc2769a1b78a27578f13a17b -> 
  custom:container-demuxer-webm: 4f35f7cbe854078d1ac9338744f61a02 -> 
  custom:video-encoder-webm-vp8: eb34c28f22e8b96e1ab97ce403110664 -> 
  custom:video-codec-MediaFoundation-h265: 746d11721c4dcdbdad8f713fa42b33f4 -> 
  custom:audio-encoder-webm-vorbis: bf7c407c2cedff20999df2af8eb42d56 -> 
  custom:framework-win-MediaFoundation: 216162199b28c13a410421893ffa2e32 -> 
  custom:container-demuxer-ogg: 62fdf1f143b41e24485cea50d1cbac27 -> 
  custom:video-decoder-webm-vp8: 9c59270c3fd7afecdb556c50c9e8de78 -> 
  custom:audio-decoder-ogg-vorbis: bf7c407c2cedff20999df2af8eb42d56 -> 
========================================================================
Received Import Request.
  Time since last request: 4162.937872 seconds.
  path: Assets/Material/Monster.mat
  artifactKey: Guid(6f494a8b4d88d4a42ba44d03071e7a64) Importer(815301076,1909f56bfc062723c751e8b465ee728b)
Start importing Assets/Material/Monster.mat using Guid(6f494a8b4d88d4a42ba44d03071e7a64) Importer(815301076,1909f56bfc062723c751e8b465ee728b)  -> (artifact id: '39a2e0ba6897f06f8ed43b777a6f9240') in 0.774673 seconds 
========================================================================
Received Import Request.
  Time since last request: 0.000102 seconds.
  path: Assets/Prefabs/Movable Statue.prefab
  artifactKey: Guid(1cfdc00631d3da24bb51450eecbbc004) Importer(815301076,1909f56bfc062723c751e8b465ee728b)
Start importing Assets/Prefabs/Movable Statue.prefab using Guid(1cfdc00631d3da24bb51450eecbbc004) Importer(815301076,1909f56bfc062723c751e8b465ee728b)  -> (artifact id: 'a59369e9baf2ad5f5aa1dd69a63bf8fe') in 0.352333 seconds 
========================================================================
Received Import Request.
  Time since last request: 38.435924 seconds.
  path: Assets/Physics Materials/Player.physicMaterial
  artifactKey: Guid(93c43907dac7535438f61add4618218d) Importer(815301076,1909f56bfc062723c751e8b465ee728b)
Start importing Assets/Physics Materials/Player.physicMaterial using Guid(93c43907dac7535438f61add4618218d) Importer(815301076,1909f56bfc062723c751e8b465ee728b)  -> (artifact id: '3a349532f4f599691bf3262a99561a72') in 0.027312 seconds 
========================================================================
Received Import Request.
  Time since last request: 0.713561 seconds.
  path: Assets/Materials/GateClosed.mat
  artifactKey: Guid(4839ad242bb694845895229dfd1023a7) Importer(815301076,1909f56bfc062723c751e8b465ee728b)
Start importing Assets/Materials/GateClosed.mat using Guid(4839ad242bb694845895229dfd1023a7) Importer(815301076,1909f56bfc062723c751e8b465ee728b)  -> (artifact id: 'e6e8004ea5503f7496e333aecbaece5b') in 0.076789 seconds 
========================================================================
Received Import Request.
  Time since last request: 0.000023 seconds.
  path: Assets/Materials/Key.mat
  artifactKey: Guid(ca7b329a8d9b2884b9a1cbcde83a0018) Importer(815301076,1909f56bfc062723c751e8b465ee728b)
Start importing Assets/Materials/Key.mat using Guid(ca7b329a8d9b2884b9a1cbcde83a0018) Importer(815301076,1909f56bfc062723c751e8b465ee728b)  -> (artifact id: '19cece3197a42a5f1a2010a81237e1c2') in 0.086169 seconds 
========================================================================
Received Import Request.
  Time since last request: 0.000077 seconds.
  path: Assets/Materials/Wall.mat
  artifactKey: Guid(933a02fde80ad4349a7f1814d4fcac13) Importer(815301076,1909f56bfc062723c751e8b465ee728b)
Start importing Assets/Materials/Wall.mat using Guid(933a02fde80ad4349a7f1814d4fcac13) Importer(815301076,1909f56bfc062723c751e8b465ee728b)  -> (artifact id: '0f46779d89a028e8662b1f82e1fe6bef') in 0.083376 seconds 
========================================================================
Received Import Request.
  Time since last request: 0.252275 seconds.
  path: Assets/Mesh/detective2.fbx
  artifactKey: Guid(0c6cb231af2221b4193681052b4199ce) Importer(815301076,1909f56bfc062723c751e8b465ee728b)
Start importing Assets/Mesh/detective2.fbx using Guid(0c6cb231af2221b4193681052b4199ce) Importer(815301076,1909f56bfc062723c751e8b465ee728b)  -> (artifact id: '3ed033992cd8ee53ebe4102e2181278a') in 0.259499 seconds 
========================================================================
Received Import Request.
  Time since last request: 0.000087 seconds.
  path: Assets/Mesh/uploads_files_2216618_StoneGolem_anim_fbx.fbx
  artifactKey: Guid(d07a04bd60d5a98418275382556e4c3a) Importer(815301076,1909f56bfc062723c751e8b465ee728b)
Start importing Assets/Mesh/uploads_files_2216618_StoneGolem_anim_fbx.fbx using Guid(d07a04bd60d5a98418275382556e4c3a) Importer(815301076,1909f56bfc062723c751e8b465ee728b)  -> (artifact id: 'c6c882601ccb4326a33dba59e63d41d9') in 0.228026 seconds 
Editor requested this worker to shutdown with reason: Scaling down because of idle timeout
AssetImportWorker is now disconnected from the server
Process exiting
Exiting without the bug reporter. Application will terminate with return code 0