Using pre-set license
Built from '2021.1/staging' branch; Version is '2021.1.13f1 (a03098edbbe0) revision 10498200'; Using compiler version '192528614'; Build Type 'Release'
OS: 'Windows 10 Pro; OS build 19043.1586; Version 2009; 64bit' Language: 'en' Physical Memory: 16178 MB
BatchMode: 1, IsHumanControllingUs: 0, StartBugReporterOnCrash: 0, Is64bit: 1, IsPro: 0

 COMMAND LINE ARGUMENTS:
D:\APPs_3D\Unity\Unity Editor Folder\2021.1.13f1\Editor\Unity.exe
-adb2
-batchMode
-noUpm
-name
AssetImportWorker7
-projectPath
E:/Year 2 Sheridan/Game Des/Unity Capstone/DetectiveGravetrotter/TeamOne_SpookyGame
-logFile
Logs/AssetImportWorker7.log
-srvPort
64536
Successfully changed project path to: E:/Year 2 Sheridan/Game Des/Unity Capstone/DetectiveGravetrotter/TeamOne_SpookyGame
E:/Year 2 Sheridan/Game Des/Unity Capstone/DetectiveGravetrotter/TeamOne_SpookyGame
Using Asset Import Pipeline V2.
Refreshing native plugins compatible for Editor in 75.91 ms, found 3 plugins.
Preloading 0 native plugins for Editor in 0.00 ms.
Initialize engine version: 2021.1.13f1 (a03098edbbe0)
[Subsystems] Discovering subsystems at path D:/APPs_3D/Unity/Unity Editor Folder/2021.1.13f1/Editor/Data/Resources/UnitySubsystems
[Subsystems] Discovering subsystems at path E:/Year 2 Sheridan/Game Des/Unity Capstone/DetectiveGravetrotter/TeamOne_SpookyGame/Assets
GfxDevice: creating device client; threaded=0; jobified=0
Direct3D:
    Version:  Direct3D 11.0 [level 11.1]
    Renderer: NVIDIA GeForce GTX 1060 with Max-Q Design (ID=0x1c20)
    Vendor:   NVIDIA
    VRAM:     6052 MB
    Driver:   30.0.14.9649
Initialize mono
Mono path[0] = 'D:/APPs_3D/Unity/Unity Editor Folder/2021.1.13f1/Editor/Data/Managed'
Mono path[1] = 'D:/APPs_3D/Unity/Unity Editor Folder/2021.1.13f1/Editor/Data/MonoBleedingEdge/lib/mono/unityjit'
Mono config path = 'D:/APPs_3D/Unity/Unity Editor Folder/2021.1.13f1/Editor/Data/MonoBleedingEdge/etc'
Using monoOptions --debugger-agent=transport=dt_socket,embedding=1,server=y,suspend=n,address=127.0.0.1:56020
Begin MonoManager ReloadAssembly
Registering precompiled unity dll's ...
Register platform support module: D:/APPs_3D/Unity/Unity Editor Folder/2021.1.13f1/Editor/Data/PlaybackEngines/WebGLSupport/UnityEditor.WebGL.Extensions.dll
Register platform support module: D:/APPs_3D/Unity/Unity Editor Folder/2021.1.13f1/Editor/Data/PlaybackEngines/WindowsStandaloneSupport/UnityEditor.WindowsStandalone.Extensions.dll
Registered in 0.001151 seconds.
Native extension for WindowsStandalone target not found
Native extension for WebGL target not found
Refreshing native plugins compatible for Editor in 80.98 ms, found 3 plugins.
Preloading 0 native plugins for Editor in 0.00 ms.
Mono: successfully reloaded assembly
- Completed reload, in  1.364 seconds
Domain Reload Profiling:
	ReloadAssembly (1364ms)
		BeginReloadAssembly (50ms)
			ExecutionOrderSort (0ms)
			DisableScriptedObjects (0ms)
			BackupInstance (0ms)
			ReleaseScriptingObjects (0ms)
			CreateAndSetChildDomain (1ms)
		EndReloadAssembly (479ms)
			LoadAssemblies (50ms)
			RebuildTransferFunctionScriptingTraits (0ms)
			SetupTypeCache (181ms)
			ReleaseScriptCaches (0ms)
			RebuildScriptCaches (32ms)
			SetupLoadedEditorAssemblies (216ms)
				LogAssemblyErrors (0ms)
				InitializePlatformSupportModulesInManaged (6ms)
				SetLoadedEditorAssemblies (0ms)
				RefreshPlugins (81ms)
				BeforeProcessingInitializeOnLoad (1ms)
				ProcessInitializeOnLoadAttributes (99ms)
				ProcessInitializeOnLoadMethodAttributes (28ms)
				AfterProcessingInitializeOnLoad (0ms)
				EditorAssembliesLoaded (0ms)
			ExecutionOrderSort2 (0ms)
			AwakeInstancesAfterBackupRestoration (0ms)
Platform modules already initialized, skipping
Registering precompiled user dll's ...
Registered in 0.004222 seconds.
Begin MonoManager ReloadAssembly
Symbol file LoadedFromMemory doesn't match image E:\Year 2 Sheridan\Game Des\Unity Capstone\DetectiveGravetrotter\TeamOne_SpookyGame\Library\PackageCache\com.unity.visualscripting@1.7.6\Editor\VisualScripting.Core\Dependencies\YamlDotNet\Unity.VisualScripting.YamlDotNet.dll
Symbol file LoadedFromMemory doesn't match image E:\Year 2 Sheridan\Game Des\Unity Capstone\DetectiveGravetrotter\TeamOne_SpookyGame\Library\PackageCache\com.unity.visualscripting@1.7.6\Editor\VisualScripting.Core\Dependencies\DotNetZip\Unity.VisualScripting.IonicZip.dll
Native extension for WindowsStandalone target not found
Native extension for WebGL target not found
Refreshing native plugins compatible for Editor in 0.55 ms, found 3 plugins.
Preloading 0 native plugins for Editor in 0.00 ms.
Mono: successfully reloaded assembly
- Completed reload, in  3.227 seconds
Domain Reload Profiling:
	ReloadAssembly (3227ms)
		BeginReloadAssembly (137ms)
			ExecutionOrderSort (0ms)
			DisableScriptedObjects (4ms)
			BackupInstance (0ms)
			ReleaseScriptingObjects (0ms)
			CreateAndSetChildDomain (19ms)
		EndReloadAssembly (3037ms)
			LoadAssemblies (2169ms)
			RebuildTransferFunctionScriptingTraits (0ms)
			SetupTypeCache (330ms)
			ReleaseScriptCaches (1ms)
			RebuildScriptCaches (44ms)
			SetupLoadedEditorAssemblies (403ms)
				LogAssemblyErrors (0ms)
				InitializePlatformSupportModulesInManaged (9ms)
				SetLoadedEditorAssemblies (1ms)
				RefreshPlugins (1ms)
				BeforeProcessingInitializeOnLoad (68ms)
				ProcessInitializeOnLoadAttributes (254ms)
				ProcessInitializeOnLoadMethodAttributes (69ms)
				AfterProcessingInitializeOnLoad (2ms)
				EditorAssembliesLoaded (0ms)
			ExecutionOrderSort2 (0ms)
			AwakeInstancesAfterBackupRestoration (6ms)
Platform modules already initialized, skipping
========================================================================
Worker process is ready to serve import requests
Launched and connected shader compiler UnityShaderCompiler.exe after 0.08 seconds
Refreshing native plugins compatible for Editor in 0.61 ms, found 3 plugins.
Preloading 0 native plugins for Editor in 0.00 ms.
Unloading 3105 Unused Serialized files (Serialized files now loaded: 0)
System memory in use before: 110.6 MB.
System memory in use after: 110.8 MB.

Unloading 23 unused Assets to reduce memory usage. Loaded Objects now: 3548.
Total: 2.157100 ms (FindLiveObjects: 0.213000 ms CreateObjectMapping: 0.102900 ms MarkObjects: 1.789200 ms  DeleteObjects: 0.051000 ms)

AssetImportParameters requested are different than current active one (requested -> active):
  custom:framework-win-MediaFoundation: 216162199b28c13a410421893ffa2e32 -> 
  custom:video-decoder-ogg-theora: a1e56fd34408186e4bbccfd4996cb3dc -> 
  custom:container-muxer-webm: aa71ff27fc2769a1b78a27578f13a17b -> 
  custom:container-demuxer-webm: 4f35f7cbe854078d1ac9338744f61a02 -> 
  custom:container-demuxer-ogg: 62fdf1f143b41e24485cea50d1cbac27 -> 
  custom:video-encoder-webm-vp8: eb34c28f22e8b96e1ab97ce403110664 -> 
  custom:video-decoder-webm-vp8: 9c59270c3fd7afecdb556c50c9e8de78 -> 
  custom:audio-decoder-ogg-vorbis: bf7c407c2cedff20999df2af8eb42d56 -> 
  custom:audio-encoder-webm-vorbis: bf7c407c2cedff20999df2af8eb42d56 -> 
========================================================================
Received Import Request.
  path: Assets/Material/Player_MT.mat
  artifactKey: Guid(7f34e4cf385391745a461e9e0b79d271) Importer(815301076,1909f56bfc062723c751e8b465ee728b)
Start importing Assets/Material/Player_MT.mat using Guid(7f34e4cf385391745a461e9e0b79d271) Importer(815301076,1909f56bfc062723c751e8b465ee728b)  -> (artifact id: 'f5f560bca30389ba71b847ad04153277') in 0.391292 seconds 
========================================================================
Received Import Request.
  Time since last request: 0.000293 seconds.
  path: Assets/Material/Hat_MT.mat
  artifactKey: Guid(7b1bfb62c7877414c9db557dff8a3462) Importer(815301076,1909f56bfc062723c751e8b465ee728b)
Start importing Assets/Material/Hat_MT.mat using Guid(7b1bfb62c7877414c9db557dff8a3462) Importer(815301076,1909f56bfc062723c751e8b465ee728b)  -> (artifact id: '103ab5fead4ee87bcbfce1439f83c335') in 0.354499 seconds 
========================================================================
Received Import Request.
  Time since last request: 0.000288 seconds.
  path: Assets/Materials/Player.mat
  artifactKey: Guid(89d02f8d5e155754e9e71597ac43281e) Importer(815301076,1909f56bfc062723c751e8b465ee728b)
Start importing Assets/Materials/Player.mat using Guid(89d02f8d5e155754e9e71597ac43281e) Importer(815301076,1909f56bfc062723c751e8b465ee728b)  -> (artifact id: '1f05053dcab1ae67449a625cb84d8869') in 0.336176 seconds 
========================================================================
Received Import Request.
  Time since last request: 0.000253 seconds.
  path: Assets/Prefabs/Gate.prefab
  artifactKey: Guid(94c7048b735d66f4980e6e018863972b) Importer(815301076,1909f56bfc062723c751e8b465ee728b)
Start importing Assets/Prefabs/Gate.prefab using Guid(94c7048b735d66f4980e6e018863972b) Importer(815301076,1909f56bfc062723c751e8b465ee728b)  -> (artifact id: '3adeef2505235bcc0f36a2eed2b57721') in 0.280183 seconds 
========================================================================
Received Import Request.
  Time since last request: 0.000249 seconds.
  path: Assets/Mesh/uploads_files_2216618_StoneGolem_anim_fbx.fbx
  artifactKey: Guid(d07a04bd60d5a98418275382556e4c3a) Importer(815301076,1909f56bfc062723c751e8b465ee728b)
Start importing Assets/Mesh/uploads_files_2216618_StoneGolem_anim_fbx.fbx using Guid(d07a04bd60d5a98418275382556e4c3a) Importer(815301076,1909f56bfc062723c751e8b465ee728b)  -> (artifact id: '11002c8f1267c7b793b22175a18b877e') in 0.546624 seconds 
========================================================================
Received Import Request.
  Time since last request: 0.000287 seconds.
  path: Assets/Prefabs/Key.prefab
  artifactKey: Guid(3ba62303786a593458049a427a328fbb) Importer(815301076,1909f56bfc062723c751e8b465ee728b)
Start importing Assets/Prefabs/Key.prefab using Guid(3ba62303786a593458049a427a328fbb) Importer(815301076,1909f56bfc062723c751e8b465ee728b)  -> (artifact id: '58663ac85140ac3f9635c6c224340ff5') in 0.014951 seconds 
========================================================================
Received Import Request.
  Time since last request: 0.000274 seconds.
  path: Assets/Material/StatueL_MT.mat
  artifactKey: Guid(32051b45f90f52e4c84d09aa75f2edc4) Importer(815301076,1909f56bfc062723c751e8b465ee728b)
Start importing Assets/Material/StatueL_MT.mat using Guid(32051b45f90f52e4c84d09aa75f2edc4) Importer(815301076,1909f56bfc062723c751e8b465ee728b)  -> (artifact id: 'f7eb9c06193f815cbbfd26e1d6f3c779') in 0.041376 seconds 
========================================================================
Received Import Request.
  Time since last request: 0.000258 seconds.
  path: Assets/Materials/GateOpen.mat
  artifactKey: Guid(d35c4960841856a44b30750b06a34e0b) Importer(815301076,1909f56bfc062723c751e8b465ee728b)
Start importing Assets/Materials/GateOpen.mat using Guid(d35c4960841856a44b30750b06a34e0b) Importer(815301076,1909f56bfc062723c751e8b465ee728b)  -> (artifact id: 'c099b5a9ec5e417131586e1389cace6a') in 0.323716 seconds 
========================================================================
Received Import Request.
  Time since last request: 0.000270 seconds.
  path: Assets/Material/Goal.mat
  artifactKey: Guid(88ebd13e204102548ae152998bfc375e) Importer(815301076,1909f56bfc062723c751e8b465ee728b)
Start importing Assets/Material/Goal.mat using Guid(88ebd13e204102548ae152998bfc375e) Importer(815301076,1909f56bfc062723c751e8b465ee728b)  -> (artifact id: 'ff059de8cc2c0b5e0f9ef6105371c161') in 0.010207 seconds 
========================================================================
Received Import Request.
  Time since last request: 0.000268 seconds.
  path: Assets/Material/Monster.mat
  artifactKey: Guid(6f494a8b4d88d4a42ba44d03071e7a64) Importer(815301076,1909f56bfc062723c751e8b465ee728b)
Start importing Assets/Material/Monster.mat using Guid(6f494a8b4d88d4a42ba44d03071e7a64) Importer(815301076,1909f56bfc062723c751e8b465ee728b)  -> (artifact id: 'c4431c65dac69cd6cd8905f0097503c4') in 0.278839 seconds 
========================================================================
Received Import Request.
  Time since last request: 0.000266 seconds.
  path: Assets/Mesh/hat.fbx
  artifactKey: Guid(a9038be8bebe21b4c91e7c4b743c42a8) Importer(815301076,1909f56bfc062723c751e8b465ee728b)
Start importing Assets/Mesh/hat.fbx using Guid(a9038be8bebe21b4c91e7c4b743c42a8) Importer(815301076,1909f56bfc062723c751e8b465ee728b)  -> (artifact id: '3167fd79ca0d7c1007d18e7e24c23290') in 0.042039 seconds 
========================================================================
Received Import Request.
  Time since last request: 0.000335 seconds.
  path: Assets/Mesh/detective2.fbx
  artifactKey: Guid(0c6cb231af2221b4193681052b4199ce) Importer(815301076,1909f56bfc062723c751e8b465ee728b)
Start importing Assets/Mesh/detective2.fbx using Guid(0c6cb231af2221b4193681052b4199ce) Importer(815301076,1909f56bfc062723c751e8b465ee728b)  -> (artifact id: '7baae3aff6b96dbba3027b6fb3d51156') in 0.259431 seconds 
========================================================================
Received Import Request.
  Time since last request: 0.000298 seconds.
  path: Assets/Materials/Key.mat
  artifactKey: Guid(ca7b329a8d9b2884b9a1cbcde83a0018) Importer(815301076,1909f56bfc062723c751e8b465ee728b)
Start importing Assets/Materials/Key.mat using Guid(ca7b329a8d9b2884b9a1cbcde83a0018) Importer(815301076,1909f56bfc062723c751e8b465ee728b)  -> (artifact id: '03f69bb03b7070274d5e5278ea263aaf') in 0.054068 seconds 
========================================================================
Received Import Request.
  Time since last request: 0.000264 seconds.
  path: Assets/Material/Ground.mat
  artifactKey: Guid(318254616209ff4428fb53b4444dddbd) Importer(815301076,1909f56bfc062723c751e8b465ee728b)
Start importing Assets/Material/Ground.mat using Guid(318254616209ff4428fb53b4444dddbd) Importer(815301076,1909f56bfc062723c751e8b465ee728b)  -> (artifact id: 'b42b74e5114cd53e4ebd274151080d35') in 0.288674 seconds 
========================================================================
Received Import Request.
  Time since last request: 0.000274 seconds.
  path: Assets/Materials/Goal.mat
  artifactKey: Guid(b7ae36054205b21409de57b96ec8dc62) Importer(815301076,1909f56bfc062723c751e8b465ee728b)
Start importing Assets/Materials/Goal.mat using Guid(b7ae36054205b21409de57b96ec8dc62) Importer(815301076,1909f56bfc062723c751e8b465ee728b)  -> (artifact id: '8f4f0aa6310ee989d1de0432fa7b7593') in 0.058874 seconds 
========================================================================
Received Import Request.
  Time since last request: 0.000256 seconds.
  path: Assets/Material/New Material.mat
  artifactKey: Guid(0c527108ad7cf884ea585c6cd1bf18eb) Importer(815301076,1909f56bfc062723c751e8b465ee728b)
Start importing Assets/Material/New Material.mat using Guid(0c527108ad7cf884ea585c6cd1bf18eb) Importer(815301076,1909f56bfc062723c751e8b465ee728b)  -> (artifact id: 'a939fd1197bf87bcbcefb5ccac2e25e3') in 0.014448 seconds 
========================================================================
Received Import Request.
  Time since last request: 0.000283 seconds.
  path: Assets/Material/GatesB_MT.mat
  artifactKey: Guid(b3e83a799e63f804f895e8963efb8ae0) Importer(815301076,1909f56bfc062723c751e8b465ee728b)
Start importing Assets/Material/GatesB_MT.mat using Guid(b3e83a799e63f804f895e8963efb8ae0) Importer(815301076,1909f56bfc062723c751e8b465ee728b)  -> (artifact id: '2ed6076359a1a05b8b876d5a323bef8a') in 0.040705 seconds 
========================================================================
Received Import Request.
  Time since last request: 0.000261 seconds.
  path: Assets/Materials/GateClosed.mat
  artifactKey: Guid(4839ad242bb694845895229dfd1023a7) Importer(815301076,1909f56bfc062723c751e8b465ee728b)
Start importing Assets/Materials/GateClosed.mat using Guid(4839ad242bb694845895229dfd1023a7) Importer(815301076,1909f56bfc062723c751e8b465ee728b)  -> (artifact id: '9ef95e525463c0ff10e2f206e7553ed9') in 0.018028 seconds 
========================================================================
Received Import Request.
  Time since last request: 0.000231 seconds.
  path: Assets/Material/Statue_MT.mat
  artifactKey: Guid(f135c8829f7e4444fac06a2de0087e46) Importer(815301076,1909f56bfc062723c751e8b465ee728b)
Start importing Assets/Material/Statue_MT.mat using Guid(f135c8829f7e4444fac06a2de0087e46) Importer(815301076,1909f56bfc062723c751e8b465ee728b)  -> (artifact id: 'd1c2c52e46b070b88d9d877acb4f4ea1') in 0.038018 seconds 
========================================================================
Received Import Request.
  Time since last request: 0.000292 seconds.
  path: Assets/Prefabs/Player.prefab
  artifactKey: Guid(1d253064e7421b64a9531ae74d5f3606) Importer(815301076,1909f56bfc062723c751e8b465ee728b)
Start importing Assets/Prefabs/Player.prefab using Guid(1d253064e7421b64a9531ae74d5f3606) Importer(815301076,1909f56bfc062723c751e8b465ee728b)  -> (artifact id: '437a5cecdfbabb614d322ff1222cd2d2') in 0.026464 seconds 
========================================================================
Received Import Request.
  Time since last request: 0.000278 seconds.
  path: Assets/Material/Key_MT.mat
  artifactKey: Guid(4c1a28f745831d94caab9110102bf9e9) Importer(815301076,1909f56bfc062723c751e8b465ee728b)
Start importing Assets/Material/Key_MT.mat using Guid(4c1a28f745831d94caab9110102bf9e9) Importer(815301076,1909f56bfc062723c751e8b465ee728b)  -> (artifact id: 'ee6d065fc54cbd07c6c814bab614ce40') in 0.015464 seconds 
========================================================================
Received Import Request.
  Time since last request: 0.000278 seconds.
  path: Assets/Material/StatueG_MT.mat
  artifactKey: Guid(7b253a247e464e9418b6f55d33dfdcab) Importer(815301076,1909f56bfc062723c751e8b465ee728b)
Start importing Assets/Material/StatueG_MT.mat using Guid(7b253a247e464e9418b6f55d33dfdcab) Importer(815301076,1909f56bfc062723c751e8b465ee728b)  -> (artifact id: 'f69675e01fd11abaf5d405aafef0d8dd') in 0.033952 seconds 
========================================================================
Received Import Request.
  Time since last request: 0.000270 seconds.
  path: Assets/Material/StatueR_MT.mat
  artifactKey: Guid(887da12db1e077748b0d5865364505ff) Importer(815301076,1909f56bfc062723c751e8b465ee728b)
Start importing Assets/Material/StatueR_MT.mat using Guid(887da12db1e077748b0d5865364505ff) Importer(815301076,1909f56bfc062723c751e8b465ee728b)  -> (artifact id: '7159fda7cf82f8d8053daf2e741719f3') in 0.011848 seconds 
========================================================================
Received Import Request.
  Time since last request: 0.000258 seconds.
  path: Assets/Mesh/Gates.fbx
  artifactKey: Guid(b2872f0507de7b348b7efea1354ae1fc) Importer(815301076,1909f56bfc062723c751e8b465ee728b)
Start importing Assets/Mesh/Gates.fbx using Guid(b2872f0507de7b348b7efea1354ae1fc) Importer(815301076,1909f56bfc062723c751e8b465ee728b)  -> (artifact id: '417c1df5f924fc5c2d976962d71a990b') in 0.101981 seconds 
========================================================================
Received Import Request.
  Time since last request: 0.000199 seconds.
  path: Assets/Prefabs/AudioManager.prefab
  artifactKey: Guid(fef89b8dfe2961149b8ce91c47257ea5) Importer(815301076,1909f56bfc062723c751e8b465ee728b)
Start importing Assets/Prefabs/AudioManager.prefab using Guid(fef89b8dfe2961149b8ce91c47257ea5) Importer(815301076,1909f56bfc062723c751e8b465ee728b)  -> (artifact id: 'aace919b080daba8bb5a7412e45d97aa') in 0.007788 seconds 
========================================================================
Received Import Request.
  Time since last request: 0.000295 seconds.
  path: Assets/Prefabs/Goal.prefab
  artifactKey: Guid(a0a239d1ee27b834da5deffe5fd08a51) Importer(815301076,1909f56bfc062723c751e8b465ee728b)
Start importing Assets/Prefabs/Goal.prefab using Guid(a0a239d1ee27b834da5deffe5fd08a51) Importer(815301076,1909f56bfc062723c751e8b465ee728b)  -> (artifact id: '1934c4c679e1e0aaecbabd6680f9edaf') in 0.020841 seconds 
========================================================================
Received Import Request.
  Time since last request: 0.000258 seconds.
  path: Assets/Prefabs/Monster.prefab
  artifactKey: Guid(7ade8e89db6c64245898b3a6f76ba805) Importer(815301076,1909f56bfc062723c751e8b465ee728b)
Start importing Assets/Prefabs/Monster.prefab using Guid(7ade8e89db6c64245898b3a6f76ba805) Importer(815301076,1909f56bfc062723c751e8b465ee728b)  -> (artifact id: 'f99ce098f9a80da12c97f53acb028093') in 0.018912 seconds 
========================================================================
Received Import Request.
  Time since last request: 0.000254 seconds.
  path: Assets/Mesh/key.fbx
  artifactKey: Guid(62a3ecb34e10f1345adeda27b3e5a6c9) Importer(815301076,1909f56bfc062723c751e8b465ee728b)
Start importing Assets/Mesh/key.fbx using Guid(62a3ecb34e10f1345adeda27b3e5a6c9) Importer(815301076,1909f56bfc062723c751e8b465ee728b)  -> (artifact id: 'd4bf89b41cc4e026660425541b6f1d16') in 0.026795 seconds 
========================================================================
Received Import Request.
  Time since last request: 0.000267 seconds.
  path: Assets/Mesh/Statue.fbx
  artifactKey: Guid(ed4ee47ab357084418ef5f5da23b9887) Importer(815301076,1909f56bfc062723c751e8b465ee728b)
Start importing Assets/Mesh/Statue.fbx using Guid(ed4ee47ab357084418ef5f5da23b9887) Importer(815301076,1909f56bfc062723c751e8b465ee728b)  -> (artifact id: '05518ca3b6eb76e4b64b3a64d44c8f92') in 0.093867 seconds 
========================================================================
Received Import Request.
  Time since last request: 0.000244 seconds.
  path: Assets/Prefabs/Wall.prefab
  artifactKey: Guid(297ba9b21b9f03047878c20ff6095a71) Importer(815301076,1909f56bfc062723c751e8b465ee728b)
Start importing Assets/Prefabs/Wall.prefab using Guid(297ba9b21b9f03047878c20ff6095a71) Importer(815301076,1909f56bfc062723c751e8b465ee728b)  -> (artifact id: 'cb272e9afd7f20742f81c5e661bb3570') in 0.100201 seconds 
========================================================================
Received Import Request.
  Time since last request: 0.000296 seconds.
  path: Assets/Prefabs/Movable Statue.prefab
  artifactKey: Guid(1cfdc00631d3da24bb51450eecbbc004) Importer(815301076,1909f56bfc062723c751e8b465ee728b)
Start importing Assets/Prefabs/Movable Statue.prefab using Guid(1cfdc00631d3da24bb51450eecbbc004) Importer(815301076,1909f56bfc062723c751e8b465ee728b)  -> (artifact id: '14139d0d68babd1aa6f9b5f80c9ecb68') in 0.072083 seconds 
========================================================================
Received Import Request.
  Time since last request: 0.000362 seconds.
  path: Assets/Materials/Movable Statue.mat
  artifactKey: Guid(396961c959503b140a82f639e9f3eefc) Importer(815301076,1909f56bfc062723c751e8b465ee728b)
Start importing Assets/Materials/Movable Statue.mat using Guid(396961c959503b140a82f639e9f3eefc) Importer(815301076,1909f56bfc062723c751e8b465ee728b)  -> (artifact id: '976ec081ced70efc45478dc3a4cfefac') in 0.014199 seconds 
========================================================================
Received Import Request.
  Time since last request: 0.000305 seconds.
  path: Assets/Materials/Wall.mat
  artifactKey: Guid(933a02fde80ad4349a7f1814d4fcac13) Importer(815301076,1909f56bfc062723c751e8b465ee728b)
Start importing Assets/Materials/Wall.mat using Guid(933a02fde80ad4349a7f1814d4fcac13) Importer(815301076,1909f56bfc062723c751e8b465ee728b)  -> (artifact id: 'c81684cd4d5931387cdba9696a9c89df') in 0.056041 seconds 
========================================================================
Received Import Request.
  Time since last request: 0.000233 seconds.
  path: Assets/Physics Materials/Player.physicMaterial
  artifactKey: Guid(93c43907dac7535438f61add4618218d) Importer(815301076,1909f56bfc062723c751e8b465ee728b)
Start importing Assets/Physics Materials/Player.physicMaterial using Guid(93c43907dac7535438f61add4618218d) Importer(815301076,1909f56bfc062723c751e8b465ee728b)  -> (artifact id: '2d68c9d3d265b8d0c39cfd170163a340') in 0.003390 seconds 
========================================================================
Received Import Request.
  Time since last request: 0.000202 seconds.
  path: Assets/Material/GatesSkull_MT.mat
  artifactKey: Guid(cd9b63568e9609043b1f69c1c4dbd0b2) Importer(815301076,1909f56bfc062723c751e8b465ee728b)
Start importing Assets/Material/GatesSkull_MT.mat using Guid(cd9b63568e9609043b1f69c1c4dbd0b2) Importer(815301076,1909f56bfc062723c751e8b465ee728b)  -> (artifact id: 'e88210d964c32b84cb62d62796623c4f') in 0.019827 seconds 
AssetImportWorkerClient::OnTransportError - code=2 error=End of file
