Using pre-set license
Built from '2020.3/staging' branch; Version is '2020.3.17f1 (a4537701e4ab) revision 10769271'; Using compiler version '192528614'; Build Type 'Release'
OS: 'Windows 10 Home; OS build 19044.1586; Version 2009; 64bit' Language: 'en' Physical Memory: 16090 MB
BatchMode: 1, IsHumanControllingUs: 0, StartBugReporterOnCrash: 0, Is64bit: 1, IsPro: 0

COMMAND LINE ARGUMENTS:
C:\Program Files\Unity\Hub\Editor\2020.3.17f1\Editor\Unity.exe
-adb2
-batchMode
-noUpm
-name
AssetImportWorker0
-projectPath
D:/2nd year/Semester 2/Design Practise 2/Team1_NewProject/DetectiveGravetrotter/TeamOne_SpookyGame
-logFile
Logs/AssetImportWorker0.log
-srvPort
60046
Successfully changed project path to: D:/2nd year/Semester 2/Design Practise 2/Team1_NewProject/DetectiveGravetrotter/TeamOne_SpookyGame
D:/2nd year/Semester 2/Design Practise 2/Team1_NewProject/DetectiveGravetrotter/TeamOne_SpookyGame
Using Asset Import Pipeline V2.
Refreshing native plugins compatible for Editor in 188.71 ms, found 3 plugins.
Preloading 0 native plugins for Editor in 0.00 ms.
Initialize engine version: 2020.3.17f1 (a4537701e4ab)
[Subsystems] Discovering subsystems at path C:/Program Files/Unity/Hub/Editor/2020.3.17f1/Editor/Data/Resources/UnitySubsystems
[Subsystems] Discovering subsystems at path D:/2nd year/Semester 2/Design Practise 2/Team1_NewProject/DetectiveGravetrotter/TeamOne_SpookyGame/Assets
GfxDevice: creating device client; threaded=0
Direct3D:
    Version:  Direct3D 11.0 [level 11.1]
    Renderer: NVIDIA GeForce MX150 (ID=0x1d10)
    Vendor:   
    VRAM:     1983 MB
    Driver:   30.0.14.7247
Initialize mono
Mono path[0] = 'C:/Program Files/Unity/Hub/Editor/2020.3.17f1/Editor/Data/Managed'
Mono path[1] = 'C:/Program Files/Unity/Hub/Editor/2020.3.17f1/Editor/Data/MonoBleedingEdge/lib/mono/unityjit'
Mono config path = 'C:/Program Files/Unity/Hub/Editor/2020.3.17f1/Editor/Data/MonoBleedingEdge/etc'
Using monoOptions --debugger-agent=transport=dt_socket,embedding=1,server=y,suspend=n,address=127.0.0.1:56220
Begin MonoManager ReloadAssembly
Registering precompiled unity dll's ...
Register platform support module: C:/Program Files/Unity/Hub/Editor/2020.3.17f1/Editor/Data/PlaybackEngines/WebGLSupport/UnityEditor.WebGL.Extensions.dll
Register platform support module: C:/Program Files/Unity/Hub/Editor/2020.3.17f1/Editor/Data/PlaybackEngines/WindowsStandaloneSupport/UnityEditor.WindowsStandalone.Extensions.dll
Registered in 0.007262 seconds.
Native extension for WindowsStandalone target not found
Native extension for WebGL target not found
Refreshing native plugins compatible for Editor in 195.60 ms, found 3 plugins.
Preloading 0 native plugins for Editor in 0.00 ms.
Mono: successfully reloaded assembly
- Completed reload, in  3.317 seconds
Domain Reload Profiling:
	ReloadAssembly (3317ms)
		BeginReloadAssembly (106ms)
			ExecutionOrderSort (0ms)
			DisableScriptedObjects (0ms)
			BackupInstance (0ms)
			ReleaseScriptingObjects (0ms)
			CreateAndSetChildDomain (1ms)
		EndReloadAssembly (1107ms)
			LoadAssemblies (106ms)
			RebuildTransferFunctionScriptingTraits (0ms)
			SetupTypeCache (362ms)
			ReleaseScriptCaches (0ms)
			RebuildScriptCaches (74ms)
			SetupLoadedEditorAssemblies (509ms)
				LogAssemblyErrors (0ms)
				InitializePlatformSupportModulesInManaged (11ms)
				SetLoadedEditorAssemblies (0ms)
				RefreshPlugins (196ms)
				BeforeProcessingInitializeOnLoad (39ms)
				ProcessInitializeOnLoadAttributes (190ms)
				ProcessInitializeOnLoadMethodAttributes (72ms)
				AfterProcessingInitializeOnLoad (0ms)
				EditorAssembliesLoaded (0ms)
			ExecutionOrderSort2 (0ms)
			AwakeInstancesAfterBackupRestoration (0ms)
Platform modules already initialized, skipping
Registering precompiled user dll's ...
Registered in 0.015991 seconds.
Begin MonoManager ReloadAssembly
Symbol file LoadedFromMemory doesn't match image D:\2nd year\Semester 2\Design Practise 2\Team1_NewProject\DetectiveGravetrotter\TeamOne_SpookyGame\Library\PackageCache\com.unity.visualscripting@1.7.6\Editor\VisualScripting.Core\Dependencies\YamlDotNet\Unity.VisualScripting.YamlDotNet.dll
Symbol file LoadedFromMemory doesn't match image D:\2nd year\Semester 2\Design Practise 2\Team1_NewProject\DetectiveGravetrotter\TeamOne_SpookyGame\Library\PackageCache\com.unity.visualscripting@1.7.6\Editor\VisualScripting.Core\Dependencies\DotNetZip\Unity.VisualScripting.IonicZip.dll
Native extension for WindowsStandalone target not found
Native extension for WebGL target not found
Refreshing native plugins compatible for Editor in 1.30 ms, found 3 plugins.
Preloading 0 native plugins for Editor in 0.00 ms.
Mono: successfully reloaded assembly
- Completed reload, in  2.671 seconds
Domain Reload Profiling:
	ReloadAssembly (2673ms)
		BeginReloadAssembly (359ms)
			ExecutionOrderSort (0ms)
			DisableScriptedObjects (11ms)
			BackupInstance (0ms)
			ReleaseScriptingObjects (0ms)
			CreateAndSetChildDomain (44ms)
		EndReloadAssembly (2134ms)
			LoadAssemblies (206ms)
			RebuildTransferFunctionScriptingTraits (0ms)
			SetupTypeCache (836ms)
			ReleaseScriptCaches (1ms)
			RebuildScriptCaches (73ms)
			SetupLoadedEditorAssemblies (790ms)
				LogAssemblyErrors (0ms)
				InitializePlatformSupportModulesInManaged (15ms)
				SetLoadedEditorAssemblies (1ms)
				RefreshPlugins (1ms)
				BeforeProcessingInitializeOnLoad (243ms)
				ProcessInitializeOnLoadAttributes (500ms)
				ProcessInitializeOnLoadMethodAttributes (10ms)
				AfterProcessingInitializeOnLoad (18ms)
				EditorAssembliesLoaded (1ms)
			ExecutionOrderSort2 (0ms)
			AwakeInstancesAfterBackupRestoration (15ms)
Platform modules already initialized, skipping
========================================================================
Worker process is ready to serve import requests
Launched and connected shader compiler UnityShaderCompiler.exe after 0.12 seconds
Refreshing native plugins compatible for Editor in 0.76 ms, found 3 plugins.
Preloading 0 native plugins for Editor in 0.00 ms.
Unloading 3105 Unused Serialized files (Serialized files now loaded: 0)
System memory in use before: 109.6 MB.
System memory in use after: 109.8 MB.

Unloading 23 unused Assets to reduce memory usage. Loaded Objects now: 3534.
Total: 3.086100 ms (FindLiveObjects: 0.280000 ms CreateObjectMapping: 0.118300 ms MarkObjects: 2.593300 ms  DeleteObjects: 0.093200 ms)

AssetImportParameters requested are different than current active one (requested -> active):
  custom:framework-win-MediaFoundation: 216162199b28c13a410421893ffa2e32 -> 
  custom:video-decoder-ogg-theora: a1e56fd34408186e4bbccfd4996cb3dc -> 
  custom:container-muxer-webm: aa71ff27fc2769a1b78a27578f13a17b -> 
  custom:container-demuxer-webm: 4f35f7cbe854078d1ac9338744f61a02 -> 
  custom:container-demuxer-ogg: 62fdf1f143b41e24485cea50d1cbac27 -> 
  custom:video-encoder-webm-vp8: eb34c28f22e8b96e1ab97ce403110664 -> 
  custom:video-codec-MediaFoundation-h265: 746d11721c4dcdbdad8f713fa42b33f4 -> 
  custom:video-decoder-webm-vp8: 9c59270c3fd7afecdb556c50c9e8de78 -> 
  custom:audio-decoder-ogg-vorbis: bf7c407c2cedff20999df2af8eb42d56 -> 
  custom:audio-encoder-webm-vorbis: bf7c407c2cedff20999df2af8eb42d56 -> 
========================================================================
Received Import Request.
  path: Assets/Scenes/Levels/Level 1.unity
  artifactKey: Guid(7222085fe65d5d74ba4e08e3be4abebe) Importer(815301076,1909f56bfc062723c751e8b465ee728b)
Start importing Assets/Scenes/Levels/Level 1.unity using Guid(7222085fe65d5d74ba4e08e3be4abebe) Importer(815301076,1909f56bfc062723c751e8b465ee728b)  -> (artifact id: '23b1ed3ca5e29c80083daa7070df06ef') in 0.090214 seconds 
  Import took 0.104615 seconds .

========================================================================
Received Import Request.
  Time since last request: 27.905199 seconds.
  path: Assets/Scenes/Levels/Intrpo.unity
  artifactKey: Guid(7222085fe65d5d74ba4e08e3be4abebe) Importer(815301076,1909f56bfc062723c751e8b465ee728b)
Start importing Assets/Scenes/Levels/Intrpo.unity using Guid(7222085fe65d5d74ba4e08e3be4abebe) Importer(815301076,1909f56bfc062723c751e8b465ee728b)  -> (artifact id: 'a97fdb16bf84412075241b34f04da945') in 0.030654 seconds 
  Import took 0.037197 seconds .

========================================================================
Received Import Request.
  Time since last request: 4.733614 seconds.
  path: Assets/Scenes/Levels/Intro.unity
  artifactKey: Guid(7222085fe65d5d74ba4e08e3be4abebe) Importer(815301076,1909f56bfc062723c751e8b465ee728b)
Start importing Assets/Scenes/Levels/Intro.unity using Guid(7222085fe65d5d74ba4e08e3be4abebe) Importer(815301076,1909f56bfc062723c751e8b465ee728b)  -> (artifact id: '096bd67ebe9744eac40afea94fbb0e53') in 0.030132 seconds 
  Import took 0.040484 seconds .

========================================================================
Received Prepare
Registering precompiled user dll's ...
Registered in 0.013628 seconds.
Begin MonoManager ReloadAssembly
Symbol file LoadedFromMemory doesn't match image D:\2nd year\Semester 2\Design Practise 2\Team1_NewProject\DetectiveGravetrotter\TeamOne_SpookyGame\Library\PackageCache\com.unity.visualscripting@1.7.6\Editor\VisualScripting.Core\Dependencies\YamlDotNet\Unity.VisualScripting.YamlDotNet.dll
Symbol file LoadedFromMemory doesn't match image D:\2nd year\Semester 2\Design Practise 2\Team1_NewProject\DetectiveGravetrotter\TeamOne_SpookyGame\Library\PackageCache\com.unity.visualscripting@1.7.6\Editor\VisualScripting.Core\Dependencies\DotNetZip\Unity.VisualScripting.IonicZip.dll
Native extension for WindowsStandalone target not found
Native extension for WebGL target not found
Refreshing native plugins compatible for Editor in 1.06 ms, found 3 plugins.
Preloading 0 native plugins for Editor in 0.00 ms.
Mono: successfully reloaded assembly
- Completed reload, in  2.445 seconds
Domain Reload Profiling:
	ReloadAssembly (2445ms)
		BeginReloadAssembly (253ms)
			ExecutionOrderSort (0ms)
			DisableScriptedObjects (8ms)
			BackupInstance (0ms)
			ReleaseScriptingObjects (0ms)
			CreateAndSetChildDomain (78ms)
		EndReloadAssembly (2038ms)
			LoadAssemblies (222ms)
			RebuildTransferFunctionScriptingTraits (0ms)
			SetupTypeCache (778ms)
			ReleaseScriptCaches (2ms)
			RebuildScriptCaches (106ms)
			SetupLoadedEditorAssemblies (745ms)
				LogAssemblyErrors (0ms)
				InitializePlatformSupportModulesInManaged (15ms)
				SetLoadedEditorAssemblies (1ms)
				RefreshPlugins (1ms)
				BeforeProcessingInitializeOnLoad (211ms)
				ProcessInitializeOnLoadAttributes (475ms)
				ProcessInitializeOnLoadMethodAttributes (22ms)
				AfterProcessingInitializeOnLoad (19ms)
				EditorAssembliesLoaded (1ms)
			ExecutionOrderSort2 (0ms)
			AwakeInstancesAfterBackupRestoration (21ms)
Platform modules already initialized, skipping
Refreshing native plugins compatible for Editor in 1.11 ms, found 3 plugins.
Preloading 0 native plugins for Editor in 0.00 ms.
Unloading 3099 Unused Serialized files (Serialized files now loaded: 0)
System memory in use before: 109.5 MB.
System memory in use after: 109.7 MB.

Unloading 18 unused Assets to reduce memory usage. Loaded Objects now: 3536.
Total: 4.477100 ms (FindLiveObjects: 0.341100 ms CreateObjectMapping: 0.152700 ms MarkObjects: 3.958600 ms  DeleteObjects: 0.023600 ms)

AssetImportParameters requested are different than current active one (requested -> active):
  custom:framework-win-MediaFoundation: 216162199b28c13a410421893ffa2e32 -> 
  custom:video-decoder-ogg-theora: a1e56fd34408186e4bbccfd4996cb3dc -> 
  custom:container-muxer-webm: aa71ff27fc2769a1b78a27578f13a17b -> 
  custom:container-demuxer-webm: 4f35f7cbe854078d1ac9338744f61a02 -> 
  custom:container-demuxer-ogg: 62fdf1f143b41e24485cea50d1cbac27 -> 
  custom:video-encoder-webm-vp8: eb34c28f22e8b96e1ab97ce403110664 -> 
  custom:video-codec-MediaFoundation-h265: 746d11721c4dcdbdad8f713fa42b33f4 -> 
  custom:video-decoder-webm-vp8: 9c59270c3fd7afecdb556c50c9e8de78 -> 
  custom:audio-decoder-ogg-vorbis: bf7c407c2cedff20999df2af8eb42d56 -> 
  custom:audio-encoder-webm-vorbis: bf7c407c2cedff20999df2af8eb42d56 -> 
========================================================================
Received Import Request.
  Time since last request: 4250.667791 seconds.
  path: Assets/Material/GatesB_MT.mat
  artifactKey: Guid(b3e83a799e63f804f895e8963efb8ae0) Importer(815301076,1909f56bfc062723c751e8b465ee728b)
Start importing Assets/Material/GatesB_MT.mat using Guid(b3e83a799e63f804f895e8963efb8ae0) Importer(815301076,1909f56bfc062723c751e8b465ee728b)  -> (artifact id: '2ed6076359a1a05b8b876d5a323bef8a') in 5.065538 seconds 
  Import took 5.076940 seconds .

========================================================================
Received Import Request.
  Time since last request: 0.000303 seconds.
  path: Assets/Material/Player_MT.mat
  artifactKey: Guid(7f34e4cf385391745a461e9e0b79d271) Importer(815301076,1909f56bfc062723c751e8b465ee728b)
Start importing Assets/Material/Player_MT.mat using Guid(7f34e4cf385391745a461e9e0b79d271) Importer(815301076,1909f56bfc062723c751e8b465ee728b)  -> (artifact id: 'f5f560bca30389ba71b847ad04153277') in 0.162252 seconds 
  Import took 0.200095 seconds .

========================================================================
Received Import Request.
  Time since last request: 0.000524 seconds.
  path: Assets/Material/Hat_MT.mat
  artifactKey: Guid(7b1bfb62c7877414c9db557dff8a3462) Importer(815301076,1909f56bfc062723c751e8b465ee728b)
Start importing Assets/Material/Hat_MT.mat using Guid(7b1bfb62c7877414c9db557dff8a3462) Importer(815301076,1909f56bfc062723c751e8b465ee728b)  -> (artifact id: '103ab5fead4ee87bcbfce1439f83c335') in 0.583041 seconds 
  Import took 0.610253 seconds .

========================================================================
Received Import Request.
  Time since last request: 0.000461 seconds.
  path: Assets/Material/StatueL_MT.mat
  artifactKey: Guid(32051b45f90f52e4c84d09aa75f2edc4) Importer(815301076,1909f56bfc062723c751e8b465ee728b)
Start importing Assets/Material/StatueL_MT.mat using Guid(32051b45f90f52e4c84d09aa75f2edc4) Importer(815301076,1909f56bfc062723c751e8b465ee728b)  -> (artifact id: 'f7eb9c06193f815cbbfd26e1d6f3c779') in 0.120040 seconds 
  Import took 0.132124 seconds .

========================================================================
Received Import Request.
  Time since last request: 0.000557 seconds.
  path: Assets/Material/Goal.mat
  artifactKey: Guid(88ebd13e204102548ae152998bfc375e) Importer(815301076,1909f56bfc062723c751e8b465ee728b)
Start importing Assets/Material/Goal.mat using Guid(88ebd13e204102548ae152998bfc375e) Importer(815301076,1909f56bfc062723c751e8b465ee728b)  -> (artifact id: 'ff059de8cc2c0b5e0f9ef6105371c161') in 0.058343 seconds 
  Import took 0.066972 seconds .

========================================================================
Received Import Request.
  Time since last request: 0.000209 seconds.
  path: Assets/Material/Monster.mat
  artifactKey: Guid(6f494a8b4d88d4a42ba44d03071e7a64) Importer(815301076,1909f56bfc062723c751e8b465ee728b)
Start importing Assets/Material/Monster.mat using Guid(6f494a8b4d88d4a42ba44d03071e7a64) Importer(815301076,1909f56bfc062723c751e8b465ee728b)  -> (artifact id: '8966af007709bf0d1e8b1255b11317f0') in 0.039011 seconds 
  Import took 0.045735 seconds .

========================================================================
Received Import Request.
  Time since last request: 0.000295 seconds.
  path: Assets/Material/Ground.mat
  artifactKey: Guid(318254616209ff4428fb53b4444dddbd) Importer(815301076,1909f56bfc062723c751e8b465ee728b)
Start importing Assets/Material/Ground.mat using Guid(318254616209ff4428fb53b4444dddbd) Importer(815301076,1909f56bfc062723c751e8b465ee728b)  -> (artifact id: '9f0dcdf35f197bb3a76340d5d97ed42f') in 0.074483 seconds 
  Import took 0.097369 seconds .

========================================================================
Received Import Request.
  Time since last request: 0.000313 seconds.
  path: Assets/Material/New Material.mat
  artifactKey: Guid(0c527108ad7cf884ea585c6cd1bf18eb) Importer(815301076,1909f56bfc062723c751e8b465ee728b)
Start importing Assets/Material/New Material.mat using Guid(0c527108ad7cf884ea585c6cd1bf18eb) Importer(815301076,1909f56bfc062723c751e8b465ee728b)  -> (artifact id: 'a939fd1197bf87bcbcefb5ccac2e25e3') in 0.050681 seconds 
  Import took 0.058068 seconds .

========================================================================
Received Import Request.
  Time since last request: 0.000499 seconds.
  path: Assets/Material/Statue_MT.mat
  artifactKey: Guid(f135c8829f7e4444fac06a2de0087e46) Importer(815301076,1909f56bfc062723c751e8b465ee728b)
Start importing Assets/Material/Statue_MT.mat using Guid(f135c8829f7e4444fac06a2de0087e46) Importer(815301076,1909f56bfc062723c751e8b465ee728b)  -> (artifact id: 'd1c2c52e46b070b88d9d877acb4f4ea1') in 0.157350 seconds 
  Import took 0.170880 seconds .

========================================================================
Received Import Request.
  Time since last request: 0.000482 seconds.
  path: Assets/Material/Key_MT.mat
  artifactKey: Guid(4c1a28f745831d94caab9110102bf9e9) Importer(815301076,1909f56bfc062723c751e8b465ee728b)
Start importing Assets/Material/Key_MT.mat using Guid(4c1a28f745831d94caab9110102bf9e9) Importer(815301076,1909f56bfc062723c751e8b465ee728b)  -> (artifact id: 'ee6d065fc54cbd07c6c814bab614ce40') in 0.098325 seconds 
  Import took 0.108939 seconds .

========================================================================
Received Import Request.
  Time since last request: 0.000487 seconds.
  path: Assets/Material/StatueG_MT.mat
  artifactKey: Guid(7b253a247e464e9418b6f55d33dfdcab) Importer(815301076,1909f56bfc062723c751e8b465ee728b)
Start importing Assets/Material/StatueG_MT.mat using Guid(7b253a247e464e9418b6f55d33dfdcab) Importer(815301076,1909f56bfc062723c751e8b465ee728b)  -> (artifact id: 'f69675e01fd11abaf5d405aafef0d8dd') in 0.147965 seconds 
  Import took 0.159789 seconds .

========================================================================
Received Import Request.
  Time since last request: 0.000551 seconds.
  path: Assets/Material/StatueR_MT.mat
  artifactKey: Guid(887da12db1e077748b0d5865364505ff) Importer(815301076,1909f56bfc062723c751e8b465ee728b)
Start importing Assets/Material/StatueR_MT.mat using Guid(887da12db1e077748b0d5865364505ff) Importer(815301076,1909f56bfc062723c751e8b465ee728b)  -> (artifact id: '7159fda7cf82f8d8053daf2e741719f3') in 0.125827 seconds 
  Import took 0.135835 seconds .

========================================================================
Received Import Request.
  Time since last request: 0.000514 seconds.
  path: Assets/Material/GatesSkull_MT.mat
  artifactKey: Guid(cd9b63568e9609043b1f69c1c4dbd0b2) Importer(815301076,1909f56bfc062723c751e8b465ee728b)
Start importing Assets/Material/GatesSkull_MT.mat using Guid(cd9b63568e9609043b1f69c1c4dbd0b2) Importer(815301076,1909f56bfc062723c751e8b465ee728b)  -> (artifact id: 'e88210d964c32b84cb62d62796623c4f') in 0.247194 seconds 
  Import took 0.256302 seconds .

========================================================================
Received Import Request.
  Time since last request: 11.646183 seconds.
  path: Assets/Materials/GateClosed.mat
  artifactKey: Guid(4839ad242bb694845895229dfd1023a7) Importer(815301076,1909f56bfc062723c751e8b465ee728b)
Start importing Assets/Materials/GateClosed.mat using Guid(4839ad242bb694845895229dfd1023a7) Importer(815301076,1909f56bfc062723c751e8b465ee728b)  -> (artifact id: '9ef95e525463c0ff10e2f206e7553ed9') in 0.288177 seconds 
  Import took 0.304571 seconds .

========================================================================
Received Import Request.
  Time since last request: 0.000619 seconds.
  path: Assets/Materials/Player.mat
  artifactKey: Guid(89d02f8d5e155754e9e71597ac43281e) Importer(815301076,1909f56bfc062723c751e8b465ee728b)
Start importing Assets/Materials/Player.mat using Guid(89d02f8d5e155754e9e71597ac43281e) Importer(815301076,1909f56bfc062723c751e8b465ee728b)  -> (artifact id: 'bc637cec6b7f0090b3e555f1e5429ac4') in 0.051877 seconds 
  Import took 0.060199 seconds .

========================================================================
Received Import Request.
  Time since last request: 0.000323 seconds.
  path: Assets/Materials/GateOpen.mat
  artifactKey: Guid(d35c4960841856a44b30750b06a34e0b) Importer(815301076,1909f56bfc062723c751e8b465ee728b)
Start importing Assets/Materials/GateOpen.mat using Guid(d35c4960841856a44b30750b06a34e0b) Importer(815301076,1909f56bfc062723c751e8b465ee728b)  -> (artifact id: 'c099b5a9ec5e417131586e1389cace6a') in 0.892415 seconds 
  Import took 0.957064 seconds .

========================================================================
Received Import Request.
  Time since last request: 0.000504 seconds.
  path: Assets/Mesh/hat.fbx
  artifactKey: Guid(a9038be8bebe21b4c91e7c4b743c42a8) Importer(815301076,1909f56bfc062723c751e8b465ee728b)
Start importing Assets/Mesh/hat.fbx using Guid(a9038be8bebe21b4c91e7c4b743c42a8) Importer(815301076,1909f56bfc062723c751e8b465ee728b)  -> (artifact id: '4afc3254c7a992bac9be554dda07048b') in 0.160507 seconds 
  Import took 0.168781 seconds .

========================================================================
Received Import Request.
  Time since last request: 0.000649 seconds.
  path: Assets/Materials/Key.mat
  artifactKey: Guid(ca7b329a8d9b2884b9a1cbcde83a0018) Importer(815301076,1909f56bfc062723c751e8b465ee728b)
Start importing Assets/Materials/Key.mat using Guid(ca7b329a8d9b2884b9a1cbcde83a0018) Importer(815301076,1909f56bfc062723c751e8b465ee728b)  -> (artifact id: '03f69bb03b7070274d5e5278ea263aaf') in 0.111754 seconds 
  Import took 0.123505 seconds .

========================================================================
Received Import Request.
  Time since last request: 0.000500 seconds.
  path: Assets/Materials/Goal.mat
  artifactKey: Guid(b7ae36054205b21409de57b96ec8dc62) Importer(815301076,1909f56bfc062723c751e8b465ee728b)
Start importing Assets/Materials/Goal.mat using Guid(b7ae36054205b21409de57b96ec8dc62) Importer(815301076,1909f56bfc062723c751e8b465ee728b)  -> (artifact id: '8f4f0aa6310ee989d1de0432fa7b7593') in 0.076952 seconds 
  Import took 0.088867 seconds .

========================================================================
Received Import Request.
  Time since last request: 0.000507 seconds.
  path: Assets/Mesh/Gates.fbx
  artifactKey: Guid(b2872f0507de7b348b7efea1354ae1fc) Importer(815301076,1909f56bfc062723c751e8b465ee728b)
Start importing Assets/Mesh/Gates.fbx using Guid(b2872f0507de7b348b7efea1354ae1fc) Importer(815301076,1909f56bfc062723c751e8b465ee728b)  -> (artifact id: 'fd59d1356adfd11d14ab0e428a85538b') in 0.182849 seconds 
  Import took 0.212988 seconds .

========================================================================
Received Import Request.
  Time since last request: 0.000574 seconds.
  path: Assets/Mesh/eeee.fbx
  artifactKey: Guid(ed4ee47ab357084418ef5f5da23b9887) Importer(815301076,1909f56bfc062723c751e8b465ee728b)
Start importing Assets/Mesh/eeee.fbx using Guid(ed4ee47ab357084418ef5f5da23b9887) Importer(815301076,1909f56bfc062723c751e8b465ee728b)  -> (artifact id: 'e5267579d044c1ca0f412c9ef6ec038f') in 0.150064 seconds 
  Import took 0.159957 seconds .

========================================================================
Received Import Request.
  Time since last request: 0.000522 seconds.
  path: Assets/Mesh/key.fbx
  artifactKey: Guid(62a3ecb34e10f1345adeda27b3e5a6c9) Importer(815301076,1909f56bfc062723c751e8b465ee728b)
Start importing Assets/Mesh/key.fbx using Guid(62a3ecb34e10f1345adeda27b3e5a6c9) Importer(815301076,1909f56bfc062723c751e8b465ee728b)  -> (artifact id: 'c35973ca98d8c1e1d94b19e09aa27674') in 0.169378 seconds 
  Import took 0.180149 seconds .

========================================================================
Received Import Request.
  Time since last request: 0.000498 seconds.
  path: Assets/Materials/Movable Statue.mat
  artifactKey: Guid(396961c959503b140a82f639e9f3eefc) Importer(815301076,1909f56bfc062723c751e8b465ee728b)
Start importing Assets/Materials/Movable Statue.mat using Guid(396961c959503b140a82f639e9f3eefc) Importer(815301076,1909f56bfc062723c751e8b465ee728b)  -> (artifact id: '976ec081ced70efc45478dc3a4cfefac') in 0.065512 seconds 
  Import took 0.087201 seconds .

========================================================================
Received Import Request.
  Time since last request: 0.000529 seconds.
  path: Assets/Materials/Wall.mat
  artifactKey: Guid(933a02fde80ad4349a7f1814d4fcac13) Importer(815301076,1909f56bfc062723c751e8b465ee728b)
Start importing Assets/Materials/Wall.mat using Guid(933a02fde80ad4349a7f1814d4fcac13) Importer(815301076,1909f56bfc062723c751e8b465ee728b)  -> (artifact id: '653051111797335ee7998f996a198367') in 0.086756 seconds 
  Import took 0.096510 seconds .

========================================================================
Received Import Request.
  Time since last request: 1753.582333 seconds.
  path: Assets/Prefabs/AudioManager.prefab
  artifactKey: Guid(fef89b8dfe2961149b8ce91c47257ea5) Importer(815301076,1909f56bfc062723c751e8b465ee728b)
Start importing Assets/Prefabs/AudioManager.prefab using Guid(fef89b8dfe2961149b8ce91c47257ea5) Importer(815301076,1909f56bfc062723c751e8b465ee728b)  -> (artifact id: '166f870f998cd3a107d6a4bd5a849fc1') in 0.040922 seconds 
  Import took 0.051599 seconds .

========================================================================
Received Import Request.
  Time since last request: 0.000326 seconds.
  path: Assets/Prefabs/Gate.prefab
  artifactKey: Guid(94c7048b735d66f4980e6e018863972b) Importer(815301076,1909f56bfc062723c751e8b465ee728b)
Start importing Assets/Prefabs/Gate.prefab using Guid(94c7048b735d66f4980e6e018863972b) Importer(815301076,1909f56bfc062723c751e8b465ee728b)  -> (artifact id: 'aee7cc7d384cc8774842da06f13c2834') in 0.169213 seconds 
  Import took 0.192771 seconds .

========================================================================
Received Import Request.
  Time since last request: 0.000523 seconds.
  path: Assets/Prefabs/Key.prefab
  artifactKey: Guid(3ba62303786a593458049a427a328fbb) Importer(815301076,1909f56bfc062723c751e8b465ee728b)
Start importing Assets/Prefabs/Key.prefab using Guid(3ba62303786a593458049a427a328fbb) Importer(815301076,1909f56bfc062723c751e8b465ee728b)  -> (artifact id: '8339a39f7a41860b0be2f94480312c29') in 0.129615 seconds 
  Import took 0.139966 seconds .

========================================================================
Received Import Request.
  Time since last request: 0.000526 seconds.
  path: Assets/Prefabs/Player.prefab
  artifactKey: Guid(1d253064e7421b64a9531ae74d5f3606) Importer(815301076,1909f56bfc062723c751e8b465ee728b)
Start importing Assets/Prefabs/Player.prefab using Guid(1d253064e7421b64a9531ae74d5f3606) Importer(815301076,1909f56bfc062723c751e8b465ee728b)  -> (artifact id: 'd63fcc418e475b69e8cc79bedc4d97ae') in 0.125983 seconds 
  Import took 0.156434 seconds .

========================================================================
Received Import Request.
  Time since last request: 0.000511 seconds.
  path: Assets/Prefabs/Goal.prefab
  artifactKey: Guid(a0a239d1ee27b834da5deffe5fd08a51) Importer(815301076,1909f56bfc062723c751e8b465ee728b)
Start importing Assets/Prefabs/Goal.prefab using Guid(a0a239d1ee27b834da5deffe5fd08a51) Importer(815301076,1909f56bfc062723c751e8b465ee728b)  -> (artifact id: 'b48d6430a759661537285d40e7bbd6ed') in 0.110318 seconds 
  Import took 0.121387 seconds .

========================================================================
Received Import Request.
  Time since last request: 0.000506 seconds.
  path: Assets/Prefabs/Monster.prefab
  artifactKey: Guid(7ade8e89db6c64245898b3a6f76ba805) Importer(815301076,1909f56bfc062723c751e8b465ee728b)
Start importing Assets/Prefabs/Monster.prefab using Guid(7ade8e89db6c64245898b3a6f76ba805) Importer(815301076,1909f56bfc062723c751e8b465ee728b)  -> (artifact id: '6b008f3aff5ace58aabb7d9c0ac719fb') in 0.067414 seconds 
  Import took 0.077452 seconds .

========================================================================
Received Import Request.
  Time since last request: 0.000567 seconds.
  path: Assets/Prefabs/Movable Statue.prefab
  artifactKey: Guid(1cfdc00631d3da24bb51450eecbbc004) Importer(815301076,1909f56bfc062723c751e8b465ee728b)
Start importing Assets/Prefabs/Movable Statue.prefab using Guid(1cfdc00631d3da24bb51450eecbbc004) Importer(815301076,1909f56bfc062723c751e8b465ee728b)  -> (artifact id: '456e4165a875201728b6d2a8be47311d') in 0.110090 seconds 
  Import took 0.122446 seconds .

========================================================================
Received Import Request.
  Time since last request: 0.000537 seconds.
  path: Assets/Prefabs/Wall.prefab
  artifactKey: Guid(297ba9b21b9f03047878c20ff6095a71) Importer(815301076,1909f56bfc062723c751e8b465ee728b)
Start importing Assets/Prefabs/Wall.prefab using Guid(297ba9b21b9f03047878c20ff6095a71) Importer(815301076,1909f56bfc062723c751e8b465ee728b)  -> (artifact id: '4e617d7d77c24db910aba78334621635') in 0.053100 seconds 
  Import took 0.059786 seconds .

AssetImportWorkerClient::OnTransportError - code=2 error=End of file
